{"/home/ndhlovu/Documents/Dev/Javascript/task-manager/frontend/src/js/components/auth/Settings.js": {"path":"/home/ndhlovu/Documents/Dev/Javascript/task-manager/frontend/src/js/components/auth/Settings.js","statementMap":{"0":{"start":{"line":7,"column":17},"end":{"line":71,"column":1}},"1":{"start":{"line":12,"column":6},"end":{"line":12,"column":22}},"2":{"start":{"line":14,"column":40},"end":{"line":14,"column":61}},"3":{"start":{"line":16,"column":23},"end":{"line":18,"column":3}},"4":{"start":{"line":17,"column":4},"end":{"line":17,"column":64}},"5":{"start":{"line":20,"column":2},"end":{"line":70,"column":4}},"6":{"start":{"line":22,"column":26},"end":{"line":22,"column":56}},"7":{"start":{"line":34,"column":33},"end":{"line":34,"column":61}},"8":{"start":{"line":42,"column":33},"end":{"line":42,"column":60}},"9":{"start":{"line":52,"column":33},"end":{"line":52,"column":57}},"10":{"start":{"line":60,"column":33},"end":{"line":60,"column":60}},"11":{"start":{"line":65,"column":45},"end":{"line":65,"column":67}}},"fnMap":{"0":{"name":"(anonymous_0)","decl":{"start":{"line":7,"column":17},"end":{"line":7,"column":18}},"loc":{"start":{"line":7,"column":23},"end":{"line":71,"column":1}},"line":7},"1":{"name":"(anonymous_1)","decl":{"start":{"line":16,"column":23},"end":{"line":16,"column":24}},"loc":{"start":{"line":16,"column":37},"end":{"line":18,"column":3}},"line":16},"2":{"name":"(anonymous_2)","decl":{"start":{"line":22,"column":20},"end":{"line":22,"column":21}},"loc":{"start":{"line":22,"column":26},"end":{"line":22,"column":56}},"line":22},"3":{"name":"(anonymous_3)","decl":{"start":{"line":34,"column":26},"end":{"line":34,"column":27}},"loc":{"start":{"line":34,"column":33},"end":{"line":34,"column":61}},"line":34},"4":{"name":"(anonymous_4)","decl":{"start":{"line":42,"column":26},"end":{"line":42,"column":27}},"loc":{"start":{"line":42,"column":33},"end":{"line":42,"column":60}},"line":42},"5":{"name":"(anonymous_5)","decl":{"start":{"line":52,"column":26},"end":{"line":52,"column":27}},"loc":{"start":{"line":52,"column":33},"end":{"line":52,"column":57}},"line":52},"6":{"name":"(anonymous_6)","decl":{"start":{"line":60,"column":26},"end":{"line":60,"column":27}},"loc":{"start":{"line":60,"column":33},"end":{"line":60,"column":60}},"line":60},"7":{"name":"(anonymous_7)","decl":{"start":{"line":65,"column":39},"end":{"line":65,"column":40}},"loc":{"start":{"line":65,"column":45},"end":{"line":65,"column":67}},"line":65}},"branchMap":{},"s":{"0":2,"1":6,"2":6,"3":6,"4":4,"5":6,"6":1,"7":1,"8":1,"9":1,"10":1,"11":1},"f":{"0":6,"1":4,"2":1,"3":1,"4":1,"5":1,"6":1,"7":1},"b":{},"_coverageSchema":"1a1c01bbd47fc00a2c39e90264f33305004495a9","hash":"c278f2a042c56a393f73ef316e881d824c3b1418"}
,"/home/ndhlovu/Documents/Dev/Javascript/task-manager/frontend/src/js/components/navigation/NavigationBar.js": {"path":"/home/ndhlovu/Documents/Dev/Javascript/task-manager/frontend/src/js/components/navigation/NavigationBar.js","statementMap":{"0":{"start":{"line":13,"column":22},"end":{"line":143,"column":1}},"1":{"start":{"line":14,"column":18},"end":{"line":14,"column":30}},"2":{"start":{"line":15,"column":38},"end":{"line":15,"column":53}},"3":{"start":{"line":23,"column":6},"end":{"line":23,"column":22}},"4":{"start":{"line":25,"column":23},"end":{"line":29,"column":3}},"5":{"start":{"line":26,"column":4},"end":{"line":26,"column":40}},"6":{"start":{"line":27,"column":4},"end":{"line":27,"column":33}},"7":{"start":{"line":27,"column":20},"end":{"line":27,"column":33}},"8":{"start":{"line":28,"column":4},"end":{"line":28,"column":22}},"9":{"start":{"line":31,"column":2},"end":{"line":142,"column":4}},"10":{"start":{"line":39,"column":34},"end":{"line":39,"column":78}},"11":{"start":{"line":39,"column":53},"end":{"line":39,"column":70}},"12":{"start":{"line":43,"column":16},"end":{"line":80,"column":22}},"13":{"start":{"line":55,"column":22},"end":{"line":58,"column":23}},"14":{"start":{"line":56,"column":30},"end":{"line":56,"column":64}},"15":{"start":{"line":66,"column":22},"end":{"line":77,"column":24}},"16":{"start":{"line":68,"column":26},"end":{"line":68,"column":78}},"17":{"start":{"line":70,"column":45},"end":{"line":72,"column":26}},"18":{"start":{"line":74,"column":24},"end":{"line":74,"column":56}},"19":{"start":{"line":76,"column":24},"end":{"line":76,"column":58}},"20":{"start":{"line":76,"column":40},"end":{"line":76,"column":58}},"21":{"start":{"line":88,"column":18},"end":{"line":91,"column":19}},"22":{"start":{"line":89,"column":26},"end":{"line":89,"column":54}},"23":{"start":{"line":100,"column":18},"end":{"line":100,"column":75}},"24":{"start":{"line":100,"column":37},"end":{"line":100,"column":62}},"25":{"start":{"line":106,"column":18},"end":{"line":106,"column":63}},"26":{"start":{"line":106,"column":37},"end":{"line":106,"column":52}},"27":{"start":{"line":117,"column":16},"end":{"line":117,"column":67}},"28":{"start":{"line":117,"column":35},"end":{"line":117,"column":57}},"29":{"start":{"line":124,"column":16},"end":{"line":124,"column":73}},"30":{"start":{"line":124,"column":35},"end":{"line":124,"column":60}},"31":{"start":{"line":145,"column":0},"end":{"line":147,"column":2}},"32":{"start":{"line":149,"column":0},"end":{"line":152,"column":2}}},"fnMap":{"0":{"name":"(anonymous_0)","decl":{"start":{"line":13,"column":22},"end":{"line":13,"column":23}},"loc":{"start":{"line":13,"column":53},"end":{"line":143,"column":1}},"line":13},"1":{"name":"(anonymous_1)","decl":{"start":{"line":25,"column":23},"end":{"line":25,"column":24}},"loc":{"start":{"line":25,"column":45},"end":{"line":29,"column":3}},"line":25},"2":{"name":"(anonymous_2)","decl":{"start":{"line":39,"column":28},"end":{"line":39,"column":29}},"loc":{"start":{"line":39,"column":34},"end":{"line":39,"column":78}},"line":39},"3":{"name":"(anonymous_3)","decl":{"start":{"line":39,"column":47},"end":{"line":39,"column":48}},"loc":{"start":{"line":39,"column":53},"end":{"line":39,"column":70}},"line":39},"4":{"name":"(anonymous_4)","decl":{"start":{"line":42,"column":24},"end":{"line":42,"column":25}},"loc":{"start":{"line":43,"column":16},"end":{"line":80,"column":22}},"line":43},"5":{"name":"(anonymous_5)","decl":{"start":{"line":54,"column":34},"end":{"line":54,"column":35}},"loc":{"start":{"line":55,"column":22},"end":{"line":58,"column":23}},"line":55},"6":{"name":"(anonymous_6)","decl":{"start":{"line":56,"column":24},"end":{"line":56,"column":25}},"loc":{"start":{"line":56,"column":30},"end":{"line":56,"column":64}},"line":56},"7":{"name":"(anonymous_7)","decl":{"start":{"line":65,"column":29},"end":{"line":65,"column":30}},"loc":{"start":{"line":66,"column":22},"end":{"line":77,"column":24}},"line":66},"8":{"name":"(anonymous_8)","decl":{"start":{"line":66,"column":50},"end":{"line":66,"column":51}},"loc":{"start":{"line":66,"column":56},"end":{"line":77,"column":23}},"line":66},"9":{"name":"(anonymous_9)","decl":{"start":{"line":87,"column":30},"end":{"line":87,"column":31}},"loc":{"start":{"line":88,"column":18},"end":{"line":91,"column":19}},"line":88},"10":{"name":"(anonymous_10)","decl":{"start":{"line":89,"column":20},"end":{"line":89,"column":21}},"loc":{"start":{"line":89,"column":26},"end":{"line":89,"column":54}},"line":89},"11":{"name":"(anonymous_11)","decl":{"start":{"line":99,"column":30},"end":{"line":99,"column":31}},"loc":{"start":{"line":100,"column":18},"end":{"line":100,"column":75}},"line":100},"12":{"name":"(anonymous_12)","decl":{"start":{"line":100,"column":31},"end":{"line":100,"column":32}},"loc":{"start":{"line":100,"column":37},"end":{"line":100,"column":62}},"line":100},"13":{"name":"(anonymous_13)","decl":{"start":{"line":105,"column":30},"end":{"line":105,"column":31}},"loc":{"start":{"line":106,"column":18},"end":{"line":106,"column":63}},"line":106},"14":{"name":"(anonymous_14)","decl":{"start":{"line":106,"column":31},"end":{"line":106,"column":32}},"loc":{"start":{"line":106,"column":37},"end":{"line":106,"column":52}},"line":106},"15":{"name":"(anonymous_15)","decl":{"start":{"line":116,"column":28},"end":{"line":116,"column":29}},"loc":{"start":{"line":117,"column":16},"end":{"line":117,"column":67}},"line":117},"16":{"name":"(anonymous_16)","decl":{"start":{"line":117,"column":29},"end":{"line":117,"column":30}},"loc":{"start":{"line":117,"column":35},"end":{"line":117,"column":57}},"line":117},"17":{"name":"(anonymous_17)","decl":{"start":{"line":123,"column":28},"end":{"line":123,"column":29}},"loc":{"start":{"line":124,"column":16},"end":{"line":124,"column":73}},"line":124},"18":{"name":"(anonymous_18)","decl":{"start":{"line":124,"column":29},"end":{"line":124,"column":30}},"loc":{"start":{"line":124,"column":35},"end":{"line":124,"column":60}},"line":124},"19":{"name":"(anonymous_19)","decl":{"start":{"line":146,"column":14},"end":{"line":146,"column":15}},"loc":{"start":{"line":146,"column":20},"end":{"line":146,"column":22}},"line":146}},"branchMap":{"0":{"loc":{"start":{"line":27,"column":4},"end":{"line":27,"column":33}},"type":"if","locations":[{"start":{"line":27,"column":4},"end":{"line":27,"column":33}},{"start":{"line":27,"column":4},"end":{"line":27,"column":33}}],"line":27},"1":{"loc":{"start":{"line":34,"column":9},"end":{"line":128,"column":9}},"type":"cond-expr","locations":[{"start":{"line":35,"column":10},"end":{"line":110,"column":13}},{"start":{"line":112,"column":10},"end":{"line":127,"column":13}}],"line":34},"2":{"loc":{"start":{"line":41,"column":13},"end":{"line":81,"column":16}},"type":"binary-expr","locations":[{"start":{"line":41,"column":13},"end":{"line":41,"column":18}},{"start":{"line":42,"column":14},"end":{"line":81,"column":16}}],"line":41},"3":{"loc":{"start":{"line":46,"column":20},"end":{"line":48,"column":26}},"type":"cond-expr","locations":[{"start":{"line":47,"column":24},"end":{"line":47,"column":44}},{"start":{"line":48,"column":24},"end":{"line":48,"column":26}}],"line":46},"4":{"loc":{"start":{"line":76,"column":24},"end":{"line":76,"column":58}},"type":"if","locations":[{"start":{"line":76,"column":24},"end":{"line":76,"column":58}},{"start":{"line":76,"column":24},"end":{"line":76,"column":58}}],"line":76}},"s":{"0":1,"1":1,"2":1,"3":1,"4":1,"5":0,"6":0,"7":0,"8":0,"9":1,"10":0,"11":0,"12":0,"13":0,"14":0,"15":0,"16":0,"17":0,"18":0,"19":0,"20":0,"21":0,"22":0,"23":0,"24":0,"25":0,"26":0,"27":0,"28":0,"29":0,"30":0,"31":1,"32":1},"f":{"0":1,"1":0,"2":0,"3":0,"4":0,"5":0,"6":0,"7":0,"8":0,"9":0,"10":0,"11":0,"12":0,"13":0,"14":0,"15":0,"16":0,"17":0,"18":0,"19":0},"b":{"0":[0,0],"1":[0,1],"2":[0,0],"3":[0,0],"4":[0,0]},"_coverageSchema":"1a1c01bbd47fc00a2c39e90264f33305004495a9","hash":"3fa0ff766fa5a7e33193404d785651e32e4f3f94"}
,"/home/ndhlovu/Documents/Dev/Javascript/task-manager/frontend/src/js/utils/contextUtils.js": {"path":"/home/ndhlovu/Documents/Dev/Javascript/task-manager/frontend/src/js/utils/contextUtils.js","statementMap":{"0":{"start":{"line":3,"column":27},"end":{"line":3,"column":46}},"1":{"start":{"line":5,"column":28},"end":{"line":5,"column":47}}},"fnMap":{},"branchMap":{},"s":{"0":2,"1":2},"f":{},"b":{},"_coverageSchema":"1a1c01bbd47fc00a2c39e90264f33305004495a9","hash":"e530beec8920298b22511467b2cb7dc9cecb27ae"}
}
