{"/home/ndhlovu/Documents/Dev/Javascript/task-manager/frontend/src/js/App.js": {"path":"/home/ndhlovu/Documents/Dev/Javascript/task-manager/frontend/src/js/App.js","statementMap":{"0":{"start":{"line":9,"column":12},"end":{"line":17,"column":1}},"1":{"start":{"line":10,"column":2},"end":{"line":16,"column":13}}},"fnMap":{"0":{"name":"(anonymous_0)","decl":{"start":{"line":9,"column":12},"end":{"line":9,"column":13}},"loc":{"start":{"line":10,"column":2},"end":{"line":16,"column":13}},"line":10}},"branchMap":{},"s":{"0":1,"1":1},"f":{"0":1},"b":{},"_coverageSchema":"1a1c01bbd47fc00a2c39e90264f33305004495a9","hash":"e096276c42dc5bad05e124a2fa828887577913aa"}
,"/home/ndhlovu/Documents/Dev/Javascript/task-manager/frontend/src/js/components/auth/Login.js": {"path":"/home/ndhlovu/Documents/Dev/Javascript/task-manager/frontend/src/js/components/auth/Login.js","statementMap":{"0":{"start":{"line":8,"column":14},"end":{"line":52,"column":1}},"1":{"start":{"line":9,"column":24},"end":{"line":12,"column":3}},"2":{"start":{"line":17,"column":6},"end":{"line":17,"column":22}},"3":{"start":{"line":18,"column":19},"end":{"line":18,"column":32}},"4":{"start":{"line":20,"column":19},"end":{"line":20,"column":64}},"5":{"start":{"line":21,"column":40},"end":{"line":21,"column":63}},"6":{"start":{"line":23,"column":23},"end":{"line":24,"column":63}},"7":{"start":{"line":24,"column":4},"end":{"line":24,"column":63}},"8":{"start":{"line":26,"column":2},"end":{"line":26,"column":60}},"9":{"start":{"line":26,"column":21},"end":{"line":26,"column":60}},"10":{"start":{"line":28,"column":2},"end":{"line":51,"column":4}},"11":{"start":{"line":32,"column":26},"end":{"line":32,"column":51}},"12":{"start":{"line":40,"column":29},"end":{"line":40,"column":53}},"13":{"start":{"line":48,"column":29},"end":{"line":48,"column":56}}},"fnMap":{"0":{"name":"(anonymous_0)","decl":{"start":{"line":8,"column":14},"end":{"line":8,"column":15}},"loc":{"start":{"line":8,"column":20},"end":{"line":52,"column":1}},"line":8},"1":{"name":"(anonymous_1)","decl":{"start":{"line":23,"column":23},"end":{"line":23,"column":24}},"loc":{"start":{"line":24,"column":4},"end":{"line":24,"column":63}},"line":24},"2":{"name":"(anonymous_2)","decl":{"start":{"line":32,"column":20},"end":{"line":32,"column":21}},"loc":{"start":{"line":32,"column":26},"end":{"line":32,"column":51}},"line":32},"3":{"name":"(anonymous_3)","decl":{"start":{"line":40,"column":22},"end":{"line":40,"column":23}},"loc":{"start":{"line":40,"column":29},"end":{"line":40,"column":53}},"line":40},"4":{"name":"(anonymous_4)","decl":{"start":{"line":48,"column":22},"end":{"line":48,"column":23}},"loc":{"start":{"line":48,"column":29},"end":{"line":48,"column":56}},"line":48}},"branchMap":{"0":{"loc":{"start":{"line":20,"column":19},"end":{"line":20,"column":64}},"type":"binary-expr","locations":[{"start":{"line":20,"column":19},"end":{"line":20,"column":33}},{"start":{"line":20,"column":37},"end":{"line":20,"column":64}}],"line":20},"1":{"loc":{"start":{"line":26,"column":2},"end":{"line":26,"column":60}},"type":"if","locations":[{"start":{"line":26,"column":2},"end":{"line":26,"column":60}},{"start":{"line":26,"column":2},"end":{"line":26,"column":60}}],"line":26}},"s":{"0":2,"1":4,"2":4,"3":4,"4":4,"5":4,"6":4,"7":2,"8":4,"9":0,"10":4,"11":1,"12":1,"13":1},"f":{"0":4,"1":2,"2":1,"3":1,"4":1},"b":{"0":[4,4],"1":[0,4]},"_coverageSchema":"1a1c01bbd47fc00a2c39e90264f33305004495a9","hash":"325e6460d25c6f8db04c39ff6ef4ef379ce59172"}
,"/home/ndhlovu/Documents/Dev/Javascript/task-manager/frontend/src/js/components/auth/Register.js": {"path":"/home/ndhlovu/Documents/Dev/Javascript/task-manager/frontend/src/js/components/auth/Register.js","statementMap":{"0":{"start":{"line":8,"column":17},"end":{"line":76,"column":1}},"1":{"start":{"line":9,"column":24},"end":{"line":14,"column":3}},"2":{"start":{"line":16,"column":19},"end":{"line":16,"column":32}},"3":{"start":{"line":17,"column":19},"end":{"line":17,"column":64}},"4":{"start":{"line":22,"column":6},"end":{"line":22,"column":22}},"5":{"start":{"line":24,"column":40},"end":{"line":24,"column":63}},"6":{"start":{"line":26,"column":23},"end":{"line":28,"column":3}},"7":{"start":{"line":27,"column":4},"end":{"line":27,"column":64}},"8":{"start":{"line":30,"column":2},"end":{"line":30,"column":60}},"9":{"start":{"line":30,"column":21},"end":{"line":30,"column":60}},"10":{"start":{"line":32,"column":2},"end":{"line":75,"column":4}},"11":{"start":{"line":35,"column":26},"end":{"line":35,"column":58}},"12":{"start":{"line":46,"column":33},"end":{"line":46,"column":60}},"13":{"start":{"line":53,"column":33},"end":{"line":53,"column":61}},"14":{"start":{"line":62,"column":33},"end":{"line":62,"column":57}},"15":{"start":{"line":70,"column":33},"end":{"line":70,"column":60}}},"fnMap":{"0":{"name":"(anonymous_0)","decl":{"start":{"line":8,"column":17},"end":{"line":8,"column":18}},"loc":{"start":{"line":8,"column":23},"end":{"line":76,"column":1}},"line":8},"1":{"name":"(anonymous_1)","decl":{"start":{"line":26,"column":23},"end":{"line":26,"column":24}},"loc":{"start":{"line":26,"column":37},"end":{"line":28,"column":3}},"line":26},"2":{"name":"(anonymous_2)","decl":{"start":{"line":35,"column":20},"end":{"line":35,"column":21}},"loc":{"start":{"line":35,"column":26},"end":{"line":35,"column":58}},"line":35},"3":{"name":"(anonymous_3)","decl":{"start":{"line":46,"column":26},"end":{"line":46,"column":27}},"loc":{"start":{"line":46,"column":33},"end":{"line":46,"column":60}},"line":46},"4":{"name":"(anonymous_4)","decl":{"start":{"line":53,"column":26},"end":{"line":53,"column":27}},"loc":{"start":{"line":53,"column":33},"end":{"line":53,"column":61}},"line":53},"5":{"name":"(anonymous_5)","decl":{"start":{"line":62,"column":26},"end":{"line":62,"column":27}},"loc":{"start":{"line":62,"column":33},"end":{"line":62,"column":57}},"line":62},"6":{"name":"(anonymous_6)","decl":{"start":{"line":70,"column":26},"end":{"line":70,"column":27}},"loc":{"start":{"line":70,"column":33},"end":{"line":70,"column":60}},"line":70}},"branchMap":{"0":{"loc":{"start":{"line":17,"column":19},"end":{"line":17,"column":64}},"type":"binary-expr","locations":[{"start":{"line":17,"column":19},"end":{"line":17,"column":33}},{"start":{"line":17,"column":37},"end":{"line":17,"column":64}}],"line":17},"1":{"loc":{"start":{"line":30,"column":2},"end":{"line":30,"column":60}},"type":"if","locations":[{"start":{"line":30,"column":2},"end":{"line":30,"column":60}},{"start":{"line":30,"column":2},"end":{"line":30,"column":60}}],"line":30}},"s":{"0":2,"1":6,"2":6,"3":6,"4":6,"5":6,"6":6,"7":4,"8":6,"9":0,"10":6,"11":1,"12":4,"13":0,"14":0,"15":0},"f":{"0":6,"1":4,"2":1,"3":4,"4":0,"5":0,"6":0},"b":{"0":[6,6],"1":[0,6]},"_coverageSchema":"1a1c01bbd47fc00a2c39e90264f33305004495a9","hash":"668d682097fd6096f362c2c7c71ba256438cd056"}
,"/home/ndhlovu/Documents/Dev/Javascript/task-manager/frontend/src/js/components/navigation/NavBar.js": {"path":"/home/ndhlovu/Documents/Dev/Javascript/task-manager/frontend/src/js/components/navigation/NavBar.js","statementMap":{"0":{"start":{"line":9,"column":15},"end":{"line":43,"column":1}},"1":{"start":{"line":10,"column":18},"end":{"line":10,"column":30}},"2":{"start":{"line":12,"column":46},"end":{"line":12,"column":61}},"3":{"start":{"line":14,"column":21},"end":{"line":15,"column":58}},"4":{"start":{"line":15,"column":4},"end":{"line":15,"column":58}},"5":{"start":{"line":15,"column":42},"end":{"line":15,"column":57}},"6":{"start":{"line":17,"column":2},"end":{"line":42,"column":4}},"7":{"start":{"line":26,"column":29},"end":{"line":26,"column":41}},"8":{"start":{"line":32,"column":29},"end":{"line":32,"column":41}}},"fnMap":{"0":{"name":"(anonymous_0)","decl":{"start":{"line":9,"column":15},"end":{"line":9,"column":16}},"loc":{"start":{"line":9,"column":21},"end":{"line":43,"column":1}},"line":9},"1":{"name":"(anonymous_1)","decl":{"start":{"line":14,"column":21},"end":{"line":14,"column":22}},"loc":{"start":{"line":15,"column":4},"end":{"line":15,"column":58}},"line":15},"2":{"name":"(anonymous_2)","decl":{"start":{"line":15,"column":22},"end":{"line":15,"column":23}},"loc":{"start":{"line":15,"column":42},"end":{"line":15,"column":57}},"line":15},"3":{"name":"(anonymous_3)","decl":{"start":{"line":26,"column":23},"end":{"line":26,"column":24}},"loc":{"start":{"line":26,"column":29},"end":{"line":26,"column":41}},"line":26},"4":{"name":"(anonymous_4)","decl":{"start":{"line":32,"column":23},"end":{"line":32,"column":24}},"loc":{"start":{"line":32,"column":29},"end":{"line":32,"column":41}},"line":32}},"branchMap":{"0":{"loc":{"start":{"line":22,"column":11},"end":{"line":34,"column":11}},"type":"cond-expr","locations":[{"start":{"line":23,"column":12},"end":{"line":27,"column":14}},{"start":{"line":29,"column":12},"end":{"line":33,"column":14}}],"line":22},"1":{"loc":{"start":{"line":37,"column":9},"end":{"line":39,"column":9}},"type":"binary-expr","locations":[{"start":{"line":37,"column":9},"end":{"line":37,"column":23}},{"start":{"line":38,"column":10},"end":{"line":38,"column":76}}],"line":37}},"s":{"0":1,"1":1,"2":1,"3":1,"4":0,"5":0,"6":1,"7":0,"8":0},"f":{"0":1,"1":0,"2":0,"3":0,"4":0},"b":{"0":[0,1],"1":[1,0]},"_coverageSchema":"1a1c01bbd47fc00a2c39e90264f33305004495a9","hash":"b3cb65112e2a5c8b5b7c040d27518f0977750cbd"}
,"/home/ndhlovu/Documents/Dev/Javascript/task-manager/frontend/src/js/components/shared/CreateItemWrapper.js": {"path":"/home/ndhlovu/Documents/Dev/Javascript/task-manager/frontend/src/js/components/shared/CreateItemWrapper.js","statementMap":{"0":{"start":{"line":7,"column":26},"end":{"line":27,"column":1}},"1":{"start":{"line":14,"column":2},"end":{"line":26,"column":8}},"2":{"start":{"line":29,"column":0},"end":{"line":32,"column":2}},"3":{"start":{"line":34,"column":0},"end":{"line":43,"column":2}}},"fnMap":{"0":{"name":"(anonymous_0)","decl":{"start":{"line":7,"column":26},"end":{"line":7,"column":27}},"loc":{"start":{"line":14,"column":2},"end":{"line":26,"column":8}},"line":14}},"branchMap":{"0":{"loc":{"start":{"line":11,"column":2},"end":{"line":11,"column":22}},"type":"default-arg","locations":[{"start":{"line":11,"column":14},"end":{"line":11,"column":22}}],"line":11}},"s":{"0":3,"1":10,"2":3,"3":3},"f":{"0":10},"b":{"0":[0]},"_coverageSchema":"1a1c01bbd47fc00a2c39e90264f33305004495a9","hash":"858c4c94464b8a71c1b91722dc5d7152a20ef247"}
,"/home/ndhlovu/Documents/Dev/Javascript/task-manager/frontend/src/js/components/shared/UIInput.js": {"path":"/home/ndhlovu/Documents/Dev/Javascript/task-manager/frontend/src/js/components/shared/UIInput.js","statementMap":{"0":{"start":{"line":7,"column":16},"end":{"line":34,"column":1}},"1":{"start":{"line":16,"column":2},"end":{"line":33,"column":8}},"2":{"start":{"line":36,"column":0},"end":{"line":41,"column":2}},"3":{"start":{"line":43,"column":0},"end":{"line":51,"column":2}}},"fnMap":{"0":{"name":"(anonymous_0)","decl":{"start":{"line":7,"column":16},"end":{"line":7,"column":17}},"loc":{"start":{"line":16,"column":2},"end":{"line":33,"column":8}},"line":16}},"branchMap":{"0":{"loc":{"start":{"line":8,"column":2},"end":{"line":8,"column":21}},"type":"default-arg","locations":[{"start":{"line":8,"column":14},"end":{"line":8,"column":21}}],"line":8},"1":{"loc":{"start":{"line":11,"column":2},"end":{"line":11,"column":17}},"type":"default-arg","locations":[{"start":{"line":11,"column":7},"end":{"line":11,"column":17}}],"line":11},"2":{"loc":{"start":{"line":17,"column":5},"end":{"line":21,"column":5}},"type":"binary-expr","locations":[{"start":{"line":17,"column":5},"end":{"line":17,"column":10}},{"start":{"line":18,"column":6},"end":{"line":20,"column":12}}],"line":17}},"s":{"0":3,"1":32,"2":3,"3":3},"f":{"0":32},"b":{"0":[0],"1":[0],"2":[32,32]},"_coverageSchema":"1a1c01bbd47fc00a2c39e90264f33305004495a9","hash":"ff57301e3c22e4790692dbc65f833a7f8aa69ce3"}
,"/home/ndhlovu/Documents/Dev/Javascript/task-manager/frontend/src/js/containers/AppContainer.js": {"path":"/home/ndhlovu/Documents/Dev/Javascript/task-manager/frontend/src/js/containers/AppContainer.js","statementMap":{"0":{"start":{"line":32,"column":22},"end":{"line":35,"column":1}},"1":{"start":{"line":37,"column":21},"end":{"line":305,"column":1}},"2":{"start":{"line":38,"column":18},"end":{"line":38,"column":30}},"3":{"start":{"line":39,"column":19},"end":{"line":39,"column":32}},"4":{"start":{"line":41,"column":34},"end":{"line":41,"column":57}},"5":{"start":{"line":43,"column":28},"end":{"line":43,"column":40}},"6":{"start":{"line":44,"column":28},"end":{"line":44,"column":40}},"7":{"start":{"line":45,"column":30},"end":{"line":45,"column":57}},"8":{"start":{"line":46,"column":21},"end":{"line":46,"column":49}},"9":{"start":{"line":48,"column":36},"end":{"line":48,"column":50}},"10":{"start":{"line":50,"column":23},"end":{"line":59,"column":3}},"11":{"start":{"line":51,"column":4},"end":{"line":51,"column":44}},"12":{"start":{"line":51,"column":32},"end":{"line":51,"column":42}},"13":{"start":{"line":52,"column":4},"end":{"line":52,"column":49}},"14":{"start":{"line":52,"column":15},"end":{"line":52,"column":49}},"15":{"start":{"line":54,"column":4},"end":{"line":58,"column":7}},"16":{"start":{"line":61,"column":24},"end":{"line":68,"column":3}},"17":{"start":{"line":62,"column":4},"end":{"line":67,"column":9}},"18":{"start":{"line":63,"column":18},"end":{"line":63,"column":32}},"19":{"start":{"line":65,"column":8},"end":{"line":65,"column":23}},"20":{"start":{"line":66,"column":8},"end":{"line":66,"column":34}},"21":{"start":{"line":70,"column":28},"end":{"line":86,"column":3}},"22":{"start":{"line":71,"column":27},"end":{"line":71,"column":73}},"23":{"start":{"line":73,"column":17},"end":{"line":73,"column":59}},"24":{"start":{"line":75,"column":4},"end":{"line":85,"column":9}},"25":{"start":{"line":77,"column":8},"end":{"line":77,"column":36}},"26":{"start":{"line":78,"column":8},"end":{"line":78,"column":33}},"27":{"start":{"line":79,"column":8},"end":{"line":79,"column":33}},"28":{"start":{"line":80,"column":8},"end":{"line":80,"column":34}},"29":{"start":{"line":83,"column":8},"end":{"line":83,"column":23}},"30":{"start":{"line":84,"column":8},"end":{"line":84,"column":44}},"31":{"start":{"line":88,"column":28},"end":{"line":101,"column":3}},"32":{"start":{"line":89,"column":4},"end":{"line":100,"column":9}},"33":{"start":{"line":91,"column":29},"end":{"line":93,"column":10}},"34":{"start":{"line":94,"column":8},"end":{"line":94,"column":31}},"35":{"start":{"line":95,"column":8},"end":{"line":95,"column":47}},"36":{"start":{"line":96,"column":8},"end":{"line":96,"column":31}},"37":{"start":{"line":99,"column":8},"end":{"line":99,"column":41}},"38":{"start":{"line":103,"column":28},"end":{"line":113,"column":3}},"39":{"start":{"line":104,"column":4},"end":{"line":112,"column":9}},"40":{"start":{"line":106,"column":8},"end":{"line":106,"column":41}},"41":{"start":{"line":106,"column":22},"end":{"line":106,"column":41}},"42":{"start":{"line":107,"column":8},"end":{"line":107,"column":32}},"43":{"start":{"line":110,"column":8},"end":{"line":110,"column":55}},"44":{"start":{"line":110,"column":22},"end":{"line":110,"column":55}},"45":{"start":{"line":111,"column":8},"end":{"line":111,"column":41}},"46":{"start":{"line":115,"column":28},"end":{"line":125,"column":3}},"47":{"start":{"line":116,"column":4},"end":{"line":124,"column":9}},"48":{"start":{"line":118,"column":8},"end":{"line":118,"column":41}},"49":{"start":{"line":118,"column":22},"end":{"line":118,"column":41}},"50":{"start":{"line":119,"column":8},"end":{"line":119,"column":32}},"51":{"start":{"line":122,"column":8},"end":{"line":122,"column":55}},"52":{"start":{"line":122,"column":22},"end":{"line":122,"column":55}},"53":{"start":{"line":123,"column":8},"end":{"line":123,"column":41}},"54":{"start":{"line":127,"column":28},"end":{"line":140,"column":3}},"55":{"start":{"line":128,"column":4},"end":{"line":139,"column":9}},"56":{"start":{"line":130,"column":8},"end":{"line":130,"column":32}},"57":{"start":{"line":131,"column":29},"end":{"line":133,"column":10}},"58":{"start":{"line":134,"column":8},"end":{"line":134,"column":31}},"59":{"start":{"line":135,"column":8},"end":{"line":135,"column":33}},"60":{"start":{"line":135,"column":22},"end":{"line":135,"column":33}},"61":{"start":{"line":138,"column":8},"end":{"line":138,"column":43}},"62":{"start":{"line":142,"column":29},"end":{"line":156,"column":3}},"63":{"start":{"line":143,"column":4},"end":{"line":155,"column":9}},"64":{"start":{"line":145,"column":29},"end":{"line":147,"column":10}},"65":{"start":{"line":149,"column":8},"end":{"line":149,"column":31}},"66":{"start":{"line":150,"column":8},"end":{"line":150,"column":33}},"67":{"start":{"line":150,"column":22},"end":{"line":150,"column":33}},"68":{"start":{"line":151,"column":8},"end":{"line":151,"column":32}},"69":{"start":{"line":154,"column":8},"end":{"line":154,"column":43}},"70":{"start":{"line":158,"column":31},"end":{"line":169,"column":3}},"71":{"start":{"line":159,"column":4},"end":{"line":168,"column":9}},"72":{"start":{"line":161,"column":8},"end":{"line":161,"column":31}},"73":{"start":{"line":162,"column":8},"end":{"line":162,"column":23}},"74":{"start":{"line":163,"column":8},"end":{"line":163,"column":35}},"75":{"start":{"line":166,"column":8},"end":{"line":166,"column":23}},"76":{"start":{"line":167,"column":8},"end":{"line":167,"column":44}},"77":{"start":{"line":171,"column":23},"end":{"line":184,"column":3}},"78":{"start":{"line":172,"column":4},"end":{"line":183,"column":9}},"79":{"start":{"line":174,"column":8},"end":{"line":174,"column":36}},"80":{"start":{"line":175,"column":8},"end":{"line":175,"column":33}},"81":{"start":{"line":176,"column":8},"end":{"line":176,"column":33}},"82":{"start":{"line":177,"column":8},"end":{"line":177,"column":26}},"83":{"start":{"line":178,"column":8},"end":{"line":178,"column":32}},"84":{"start":{"line":181,"column":8},"end":{"line":181,"column":23}},"85":{"start":{"line":182,"column":8},"end":{"line":182,"column":45}},"86":{"start":{"line":186,"column":28},"end":{"line":218,"column":3}},"87":{"start":{"line":187,"column":22},"end":{"line":187,"column":41}},"88":{"start":{"line":188,"column":17},"end":{"line":188,"column":65}},"89":{"start":{"line":190,"column":4},"end":{"line":217,"column":5}},"90":{"start":{"line":192,"column":8},"end":{"line":197,"column":11}},"91":{"start":{"line":193,"column":31},"end":{"line":195,"column":12}},"92":{"start":{"line":196,"column":10},"end":{"line":196,"column":33}},"93":{"start":{"line":199,"column":8},"end":{"line":199,"column":54}},"94":{"start":{"line":201,"column":8},"end":{"line":208,"column":10}},"95":{"start":{"line":210,"column":8},"end":{"line":214,"column":10}},"96":{"start":{"line":216,"column":8},"end":{"line":216,"column":20}},"97":{"start":{"line":220,"column":30},"end":{"line":232,"column":3}},"98":{"start":{"line":221,"column":4},"end":{"line":231,"column":9}},"99":{"start":{"line":223,"column":8},"end":{"line":223,"column":36}},"100":{"start":{"line":224,"column":8},"end":{"line":224,"column":33}},"101":{"start":{"line":225,"column":8},"end":{"line":225,"column":33}},"102":{"start":{"line":226,"column":8},"end":{"line":226,"column":27}},"103":{"start":{"line":229,"column":8},"end":{"line":229,"column":23}},"104":{"start":{"line":230,"column":8},"end":{"line":230,"column":71}},"105":{"start":{"line":234,"column":28},"end":{"line":234,"column":58}},"106":{"start":{"line":234,"column":41},"end":{"line":234,"column":58}},"107":{"start":{"line":236,"column":2},"end":{"line":251,"column":19}},"108":{"start":{"line":237,"column":4},"end":{"line":250,"column":5}},"109":{"start":{"line":239,"column":8},"end":{"line":239,"column":44}},"110":{"start":{"line":241,"column":8},"end":{"line":241,"column":37}},"111":{"start":{"line":243,"column":8},"end":{"line":243,"column":40}},"112":{"start":{"line":245,"column":8},"end":{"line":245,"column":34}},"113":{"start":{"line":247,"column":8},"end":{"line":247,"column":38}},"114":{"start":{"line":249,"column":8},"end":{"line":249,"column":44}},"115":{"start":{"line":253,"column":2},"end":{"line":268,"column":15}},"116":{"start":{"line":254,"column":24},"end":{"line":265,"column":5}},"117":{"start":{"line":255,"column":6},"end":{"line":264,"column":11}},"118":{"start":{"line":257,"column":10},"end":{"line":257,"column":38}},"119":{"start":{"line":258,"column":10},"end":{"line":258,"column":35}},"120":{"start":{"line":259,"column":10},"end":{"line":259,"column":35}},"121":{"start":{"line":262,"column":10},"end":{"line":262,"column":25}},"122":{"start":{"line":263,"column":10},"end":{"line":263,"column":48}},"123":{"start":{"line":267,"column":4},"end":{"line":267,"column":18}},"124":{"start":{"line":270,"column":18},"end":{"line":290,"column":3}},"125":{"start":{"line":292,"column":2},"end":{"line":304,"column":4}},"126":{"start":{"line":307,"column":0},"end":{"line":313,"column":2}}},"fnMap":{"0":{"name":"(anonymous_0)","decl":{"start":{"line":37,"column":21},"end":{"line":37,"column":22}},"loc":{"start":{"line":37,"column":47},"end":{"line":305,"column":1}},"line":37},"1":{"name":"(anonymous_1)","decl":{"start":{"line":50,"column":23},"end":{"line":50,"column":24}},"loc":{"start":{"line":50,"column":33},"end":{"line":59,"column":3}},"line":50},"2":{"name":"(anonymous_2)","decl":{"start":{"line":51,"column":17},"end":{"line":51,"column":18}},"loc":{"start":{"line":51,"column":32},"end":{"line":51,"column":42}},"line":51},"3":{"name":"(anonymous_3)","decl":{"start":{"line":61,"column":24},"end":{"line":61,"column":25}},"loc":{"start":{"line":61,"column":36},"end":{"line":68,"column":3}},"line":61},"4":{"name":"(anonymous_4)","decl":{"start":{"line":63,"column":12},"end":{"line":63,"column":13}},"loc":{"start":{"line":63,"column":18},"end":{"line":63,"column":32}},"line":63},"5":{"name":"(anonymous_5)","decl":{"start":{"line":64,"column":13},"end":{"line":64,"column":14}},"loc":{"start":{"line":64,"column":19},"end":{"line":67,"column":7}},"line":64},"6":{"name":"(anonymous_6)","decl":{"start":{"line":70,"column":28},"end":{"line":70,"column":29}},"loc":{"start":{"line":70,"column":44},"end":{"line":86,"column":3}},"line":70},"7":{"name":"(anonymous_7)","decl":{"start":{"line":76,"column":12},"end":{"line":76,"column":13}},"loc":{"start":{"line":76,"column":21},"end":{"line":81,"column":7}},"line":76},"8":{"name":"(anonymous_8)","decl":{"start":{"line":82,"column":13},"end":{"line":82,"column":14}},"loc":{"start":{"line":82,"column":19},"end":{"line":85,"column":7}},"line":82},"9":{"name":"(anonymous_9)","decl":{"start":{"line":88,"column":28},"end":{"line":88,"column":29}},"loc":{"start":{"line":88,"column":45},"end":{"line":101,"column":3}},"line":88},"10":{"name":"(anonymous_10)","decl":{"start":{"line":90,"column":12},"end":{"line":90,"column":13}},"loc":{"start":{"line":90,"column":21},"end":{"line":97,"column":7}},"line":90},"11":{"name":"(anonymous_11)","decl":{"start":{"line":98,"column":13},"end":{"line":98,"column":14}},"loc":{"start":{"line":98,"column":19},"end":{"line":100,"column":7}},"line":98},"12":{"name":"(anonymous_12)","decl":{"start":{"line":103,"column":28},"end":{"line":103,"column":29}},"loc":{"start":{"line":103,"column":56},"end":{"line":113,"column":3}},"line":103},"13":{"name":"(anonymous_13)","decl":{"start":{"line":105,"column":12},"end":{"line":105,"column":13}},"loc":{"start":{"line":105,"column":21},"end":{"line":108,"column":7}},"line":105},"14":{"name":"(anonymous_14)","decl":{"start":{"line":109,"column":13},"end":{"line":109,"column":14}},"loc":{"start":{"line":109,"column":22},"end":{"line":112,"column":7}},"line":109},"15":{"name":"(anonymous_15)","decl":{"start":{"line":115,"column":28},"end":{"line":115,"column":29}},"loc":{"start":{"line":115,"column":56},"end":{"line":125,"column":3}},"line":115},"16":{"name":"(anonymous_16)","decl":{"start":{"line":117,"column":12},"end":{"line":117,"column":13}},"loc":{"start":{"line":117,"column":21},"end":{"line":120,"column":7}},"line":117},"17":{"name":"(anonymous_17)","decl":{"start":{"line":121,"column":13},"end":{"line":121,"column":14}},"loc":{"start":{"line":121,"column":22},"end":{"line":124,"column":7}},"line":121},"18":{"name":"(anonymous_18)","decl":{"start":{"line":127,"column":28},"end":{"line":127,"column":29}},"loc":{"start":{"line":127,"column":54},"end":{"line":140,"column":3}},"line":127},"19":{"name":"(anonymous_19)","decl":{"start":{"line":129,"column":12},"end":{"line":129,"column":13}},"loc":{"start":{"line":129,"column":21},"end":{"line":136,"column":7}},"line":129},"20":{"name":"(anonymous_20)","decl":{"start":{"line":137,"column":13},"end":{"line":137,"column":14}},"loc":{"start":{"line":137,"column":19},"end":{"line":139,"column":7}},"line":137},"21":{"name":"(anonymous_21)","decl":{"start":{"line":142,"column":29},"end":{"line":142,"column":30}},"loc":{"start":{"line":142,"column":74},"end":{"line":156,"column":3}},"line":142},"22":{"name":"(anonymous_22)","decl":{"start":{"line":144,"column":12},"end":{"line":144,"column":13}},"loc":{"start":{"line":144,"column":21},"end":{"line":152,"column":7}},"line":144},"23":{"name":"(anonymous_23)","decl":{"start":{"line":153,"column":13},"end":{"line":153,"column":14}},"loc":{"start":{"line":153,"column":19},"end":{"line":155,"column":7}},"line":153},"24":{"name":"(anonymous_24)","decl":{"start":{"line":158,"column":31},"end":{"line":158,"column":32}},"loc":{"start":{"line":158,"column":43},"end":{"line":169,"column":3}},"line":158},"25":{"name":"(anonymous_25)","decl":{"start":{"line":160,"column":12},"end":{"line":160,"column":13}},"loc":{"start":{"line":160,"column":18},"end":{"line":164,"column":7}},"line":160},"26":{"name":"(anonymous_26)","decl":{"start":{"line":165,"column":13},"end":{"line":165,"column":14}},"loc":{"start":{"line":165,"column":19},"end":{"line":168,"column":7}},"line":165},"27":{"name":"(anonymous_27)","decl":{"start":{"line":171,"column":23},"end":{"line":171,"column":24}},"loc":{"start":{"line":171,"column":46},"end":{"line":184,"column":3}},"line":171},"28":{"name":"(anonymous_28)","decl":{"start":{"line":173,"column":12},"end":{"line":173,"column":13}},"loc":{"start":{"line":173,"column":21},"end":{"line":179,"column":7}},"line":173},"29":{"name":"(anonymous_29)","decl":{"start":{"line":180,"column":13},"end":{"line":180,"column":14}},"loc":{"start":{"line":180,"column":24},"end":{"line":183,"column":7}},"line":180},"30":{"name":"(anonymous_30)","decl":{"start":{"line":186,"column":28},"end":{"line":186,"column":29}},"loc":{"start":{"line":186,"column":46},"end":{"line":218,"column":3}},"line":186},"31":{"name":"(anonymous_31)","decl":{"start":{"line":192,"column":43},"end":{"line":192,"column":44}},"loc":{"start":{"line":192,"column":49},"end":{"line":197,"column":9}},"line":192},"32":{"name":"(anonymous_32)","decl":{"start":{"line":220,"column":30},"end":{"line":220,"column":31}},"loc":{"start":{"line":220,"column":53},"end":{"line":232,"column":3}},"line":220},"33":{"name":"(anonymous_33)","decl":{"start":{"line":222,"column":12},"end":{"line":222,"column":13}},"loc":{"start":{"line":222,"column":21},"end":{"line":227,"column":7}},"line":222},"34":{"name":"(anonymous_34)","decl":{"start":{"line":228,"column":13},"end":{"line":228,"column":14}},"loc":{"start":{"line":228,"column":24},"end":{"line":231,"column":7}},"line":228},"35":{"name":"(anonymous_35)","decl":{"start":{"line":234,"column":28},"end":{"line":234,"column":29}},"loc":{"start":{"line":234,"column":41},"end":{"line":234,"column":58}},"line":234},"36":{"name":"(anonymous_36)","decl":{"start":{"line":236,"column":12},"end":{"line":236,"column":13}},"loc":{"start":{"line":236,"column":18},"end":{"line":251,"column":3}},"line":236},"37":{"name":"(anonymous_37)","decl":{"start":{"line":253,"column":12},"end":{"line":253,"column":13}},"loc":{"start":{"line":253,"column":18},"end":{"line":268,"column":3}},"line":253},"38":{"name":"(anonymous_38)","decl":{"start":{"line":254,"column":24},"end":{"line":254,"column":25}},"loc":{"start":{"line":254,"column":36},"end":{"line":265,"column":5}},"line":254},"39":{"name":"(anonymous_39)","decl":{"start":{"line":256,"column":14},"end":{"line":256,"column":15}},"loc":{"start":{"line":256,"column":23},"end":{"line":260,"column":9}},"line":256},"40":{"name":"(anonymous_40)","decl":{"start":{"line":261,"column":15},"end":{"line":261,"column":16}},"loc":{"start":{"line":261,"column":26},"end":{"line":264,"column":9}},"line":261}},"branchMap":{"0":{"loc":{"start":{"line":52,"column":4},"end":{"line":52,"column":49}},"type":"if","locations":[{"start":{"line":52,"column":4},"end":{"line":52,"column":49}},{"start":{"line":52,"column":4},"end":{"line":52,"column":49}}],"line":52},"1":{"loc":{"start":{"line":106,"column":8},"end":{"line":106,"column":41}},"type":"if","locations":[{"start":{"line":106,"column":8},"end":{"line":106,"column":41}},{"start":{"line":106,"column":8},"end":{"line":106,"column":41}}],"line":106},"2":{"loc":{"start":{"line":110,"column":8},"end":{"line":110,"column":55}},"type":"if","locations":[{"start":{"line":110,"column":8},"end":{"line":110,"column":55}},{"start":{"line":110,"column":8},"end":{"line":110,"column":55}}],"line":110},"3":{"loc":{"start":{"line":118,"column":8},"end":{"line":118,"column":41}},"type":"if","locations":[{"start":{"line":118,"column":8},"end":{"line":118,"column":41}},{"start":{"line":118,"column":8},"end":{"line":118,"column":41}}],"line":118},"4":{"loc":{"start":{"line":122,"column":8},"end":{"line":122,"column":55}},"type":"if","locations":[{"start":{"line":122,"column":8},"end":{"line":122,"column":55}},{"start":{"line":122,"column":8},"end":{"line":122,"column":55}}],"line":122},"5":{"loc":{"start":{"line":135,"column":8},"end":{"line":135,"column":33}},"type":"if","locations":[{"start":{"line":135,"column":8},"end":{"line":135,"column":33}},{"start":{"line":135,"column":8},"end":{"line":135,"column":33}}],"line":135},"6":{"loc":{"start":{"line":150,"column":8},"end":{"line":150,"column":33}},"type":"if","locations":[{"start":{"line":150,"column":8},"end":{"line":150,"column":33}},{"start":{"line":150,"column":8},"end":{"line":150,"column":33}}],"line":150},"7":{"loc":{"start":{"line":190,"column":4},"end":{"line":217,"column":5}},"type":"switch","locations":[{"start":{"line":191,"column":6},"end":{"line":197,"column":11}},{"start":{"line":198,"column":6},"end":{"line":199,"column":54}},{"start":{"line":200,"column":6},"end":{"line":208,"column":10}},{"start":{"line":209,"column":6},"end":{"line":214,"column":10}},{"start":{"line":215,"column":6},"end":{"line":216,"column":20}}],"line":190},"8":{"loc":{"start":{"line":204,"column":20},"end":{"line":204,"column":72}},"type":"cond-expr","locations":[{"start":{"line":204,"column":51},"end":{"line":204,"column":57}},{"start":{"line":204,"column":60},"end":{"line":204,"column":72}}],"line":204},"9":{"loc":{"start":{"line":211,"column":29},"end":{"line":211,"column":77}},"type":"cond-expr","locations":[{"start":{"line":211,"column":58},"end":{"line":211,"column":64}},{"start":{"line":211,"column":67},"end":{"line":211,"column":77}}],"line":211},"10":{"loc":{"start":{"line":230,"column":15},"end":{"line":230,"column":69}},"type":"binary-expr","locations":[{"start":{"line":230,"column":15},"end":{"line":230,"column":44}},{"start":{"line":230,"column":48},"end":{"line":230,"column":69}}],"line":230},"11":{"loc":{"start":{"line":237,"column":4},"end":{"line":250,"column":5}},"type":"switch","locations":[{"start":{"line":238,"column":6},"end":{"line":239,"column":44}},{"start":{"line":240,"column":6},"end":{"line":241,"column":37}},{"start":{"line":242,"column":6},"end":{"line":243,"column":40}},{"start":{"line":244,"column":6},"end":{"line":245,"column":34}},{"start":{"line":246,"column":6},"end":{"line":247,"column":38}},{"start":{"line":248,"column":6},"end":{"line":249,"column":44}}],"line":237}},"s":{"0":1,"1":1,"2":1,"3":1,"4":1,"5":1,"6":1,"7":1,"8":1,"9":1,"10":1,"11":0,"12":0,"13":0,"14":0,"15":0,"16":1,"17":0,"18":0,"19":0,"20":0,"21":1,"22":0,"23":0,"24":0,"25":0,"26":0,"27":0,"28":0,"29":0,"30":0,"31":1,"32":0,"33":0,"34":0,"35":0,"36":0,"37":0,"38":1,"39":0,"40":0,"41":0,"42":0,"43":0,"44":0,"45":0,"46":1,"47":0,"48":0,"49":0,"50":0,"51":0,"52":0,"53":0,"54":1,"55":0,"56":0,"57":0,"58":0,"59":0,"60":0,"61":0,"62":1,"63":0,"64":0,"65":0,"66":0,"67":0,"68":0,"69":0,"70":1,"71":0,"72":0,"73":0,"74":0,"75":0,"76":0,"77":1,"78":0,"79":0,"80":0,"81":0,"82":0,"83":0,"84":0,"85":0,"86":1,"87":0,"88":0,"89":0,"90":0,"91":0,"92":0,"93":0,"94":0,"95":0,"96":0,"97":1,"98":0,"99":0,"100":0,"101":0,"102":0,"103":0,"104":0,"105":1,"106":0,"107":1,"108":1,"109":0,"110":0,"111":0,"112":0,"113":0,"114":1,"115":1,"116":1,"117":1,"118":0,"119":0,"120":0,"121":0,"122":0,"123":1,"124":1,"125":1,"126":1},"f":{"0":1,"1":0,"2":0,"3":0,"4":0,"5":0,"6":0,"7":0,"8":0,"9":0,"10":0,"11":0,"12":0,"13":0,"14":0,"15":0,"16":0,"17":0,"18":0,"19":0,"20":0,"21":0,"22":0,"23":0,"24":0,"25":0,"26":0,"27":0,"28":0,"29":0,"30":0,"31":0,"32":0,"33":0,"34":0,"35":0,"36":1,"37":1,"38":1,"39":0,"40":0},"b":{"0":[0,0],"1":[0,0],"2":[0,0],"3":[0,0],"4":[0,0],"5":[0,0],"6":[0,0],"7":[0,0,0,0,0],"8":[0,0],"9":[0,0],"10":[0,0],"11":[0,0,0,0,0,1]},"_coverageSchema":"1a1c01bbd47fc00a2c39e90264f33305004495a9","hash":"7d538d71cc35bd35278c1400779ad164f3437bb2"}
,"/home/ndhlovu/Documents/Dev/Javascript/task-manager/frontend/src/js/utils/contextUtils.js": {"path":"/home/ndhlovu/Documents/Dev/Javascript/task-manager/frontend/src/js/utils/contextUtils.js","statementMap":{"0":{"start":{"line":3,"column":27},"end":{"line":3,"column":46}},"1":{"start":{"line":5,"column":28},"end":{"line":5,"column":47}}},"fnMap":{},"branchMap":{},"s":{"0":3,"1":3},"f":{},"b":{},"_coverageSchema":"1a1c01bbd47fc00a2c39e90264f33305004495a9","hash":"e530beec8920298b22511467b2cb7dc9cecb27ae"}
,"/home/ndhlovu/Documents/Dev/Javascript/task-manager/frontend/src/test/utils.js": {"path":"/home/ndhlovu/Documents/Dev/Javascript/task-manager/frontend/src/test/utils.js","statementMap":{"0":{"start":{"line":1,"column":32},"end":{"line":4,"column":1}},"1":{"start":{"line":2,"column":18},"end":{"line":2,"column":58}},"2":{"start":{"line":3,"column":2},"end":{"line":3,"column":17}},"3":{"start":{"line":6,"column":32},"end":{"line":14,"column":1}},"4":{"start":{"line":7,"column":2},"end":{"line":7,"column":40}},"5":{"start":{"line":9,"column":2},"end":{"line":13,"column":5}},"6":{"start":{"line":16,"column":35},"end":{"line":21,"column":1}},"7":{"start":{"line":23,"column":29},"end":{"line":23,"column":37}}},"fnMap":{"0":{"name":"(anonymous_0)","decl":{"start":{"line":1,"column":32},"end":{"line":1,"column":33}},"loc":{"start":{"line":1,"column":51},"end":{"line":4,"column":1}},"line":1},"1":{"name":"(anonymous_1)","decl":{"start":{"line":6,"column":32},"end":{"line":6,"column":33}},"loc":{"start":{"line":6,"column":46},"end":{"line":14,"column":1}},"line":6},"2":{"name":"(anonymous_2)","decl":{"start":{"line":23,"column":29},"end":{"line":23,"column":30}},"loc":{"start":{"line":23,"column":35},"end":{"line":23,"column":37}},"line":23}},"branchMap":{},"s":{"0":2,"1":0,"2":0,"3":2,"4":0,"5":0,"6":2,"7":2},"f":{"0":0,"1":0,"2":0},"b":{},"_coverageSchema":"1a1c01bbd47fc00a2c39e90264f33305004495a9","hash":"64bab719903c135bbc543e469b5122a0b81e4e4b"}
}
