TN:
SF:src/js/App.js
FN:9,(anonymous_0)
FNF:1
FNH:1
FNDA:1,(anonymous_0)
DA:9,1
DA:10,1
LF:2
LH:2
BRF:0
BRH:0
end_of_record
TN:
SF:src/js/components/auth/Login.js
FN:8,(anonymous_0)
FN:23,(anonymous_1)
FN:32,(anonymous_2)
FN:40,(anonymous_3)
FN:48,(anonymous_4)
FNF:5
FNH:5
FNDA:4,(anonymous_0)
FNDA:2,(anonymous_1)
FNDA:1,(anonymous_2)
FNDA:1,(anonymous_3)
FNDA:1,(anonymous_4)
DA:8,2
DA:9,4
DA:17,4
DA:18,4
DA:20,4
DA:21,4
DA:23,4
DA:24,2
DA:26,4
DA:28,4
DA:32,1
DA:40,1
DA:48,1
LF:13
LH:13
BRDA:20,0,0,4
BRDA:20,0,1,4
BRDA:26,1,0,0
BRDA:26,1,1,4
BRF:4
BRH:3
end_of_record
TN:
SF:src/js/components/auth/Register.js
FN:8,(anonymous_0)
FN:26,(anonymous_1)
FN:35,(anonymous_2)
FN:46,(anonymous_3)
FN:53,(anonymous_4)
FN:62,(anonymous_5)
FN:70,(anonymous_6)
FNF:7
FNH:4
FNDA:6,(anonymous_0)
FNDA:4,(anonymous_1)
FNDA:1,(anonymous_2)
FNDA:4,(anonymous_3)
FNDA:0,(anonymous_4)
FNDA:0,(anonymous_5)
FNDA:0,(anonymous_6)
DA:8,2
DA:9,6
DA:16,6
DA:17,6
DA:22,6
DA:24,6
DA:26,6
DA:27,4
DA:30,6
DA:32,6
DA:35,1
DA:46,4
DA:53,0
DA:62,0
DA:70,0
LF:15
LH:12
BRDA:17,0,0,6
BRDA:17,0,1,6
BRDA:30,1,0,0
BRDA:30,1,1,6
BRF:4
BRH:3
end_of_record
TN:
SF:src/js/components/navigation/NavBar.js
FN:9,(anonymous_0)
FN:14,(anonymous_1)
FN:15,(anonymous_2)
FN:26,(anonymous_3)
FN:32,(anonymous_4)
FNF:5
FNH:1
FNDA:1,(anonymous_0)
FNDA:0,(anonymous_1)
FNDA:0,(anonymous_2)
FNDA:0,(anonymous_3)
FNDA:0,(anonymous_4)
DA:9,1
DA:10,1
DA:12,1
DA:14,1
DA:15,0
DA:17,1
DA:26,0
DA:32,0
LF:8
LH:5
BRDA:22,0,0,0
BRDA:22,0,1,1
BRDA:37,1,0,1
BRDA:37,1,1,0
BRF:4
BRH:2
end_of_record
TN:
SF:src/js/components/shared/CreateItemWrapper.js
FN:7,(anonymous_0)
FNF:1
FNH:1
FNDA:10,(anonymous_0)
DA:7,3
DA:14,10
DA:29,3
DA:34,3
LF:4
LH:4
BRDA:11,0,0,0
BRF:1
BRH:0
end_of_record
TN:
SF:src/js/components/shared/UIInput.js
FN:7,(anonymous_0)
FNF:1
FNH:1
FNDA:32,(anonymous_0)
DA:7,3
DA:16,32
DA:36,3
DA:43,3
LF:4
LH:4
BRDA:8,0,0,0
BRDA:11,1,0,0
BRDA:17,2,0,32
BRDA:17,2,1,32
BRF:4
BRH:2
end_of_record
TN:
SF:src/js/containers/AppContainer.js
FN:37,(anonymous_0)
FN:50,(anonymous_1)
FN:51,(anonymous_2)
FN:61,(anonymous_3)
FN:63,(anonymous_4)
FN:64,(anonymous_5)
FN:70,(anonymous_6)
FN:76,(anonymous_7)
FN:82,(anonymous_8)
FN:88,(anonymous_9)
FN:90,(anonymous_10)
FN:98,(anonymous_11)
FN:103,(anonymous_12)
FN:105,(anonymous_13)
FN:109,(anonymous_14)
FN:115,(anonymous_15)
FN:117,(anonymous_16)
FN:121,(anonymous_17)
FN:127,(anonymous_18)
FN:129,(anonymous_19)
FN:137,(anonymous_20)
FN:142,(anonymous_21)
FN:144,(anonymous_22)
FN:153,(anonymous_23)
FN:158,(anonymous_24)
FN:160,(anonymous_25)
FN:165,(anonymous_26)
FN:171,(anonymous_27)
FN:173,(anonymous_28)
FN:180,(anonymous_29)
FN:186,(anonymous_30)
FN:192,(anonymous_31)
FN:220,(anonymous_32)
FN:222,(anonymous_33)
FN:228,(anonymous_34)
FN:234,(anonymous_35)
FN:236,(anonymous_36)
FN:253,(anonymous_37)
FN:254,(anonymous_38)
FN:256,(anonymous_39)
FN:261,(anonymous_40)
FNF:41
FNH:4
FNDA:1,(anonymous_0)
FNDA:0,(anonymous_1)
FNDA:0,(anonymous_2)
FNDA:0,(anonymous_3)
FNDA:0,(anonymous_4)
FNDA:0,(anonymous_5)
FNDA:0,(anonymous_6)
FNDA:0,(anonymous_7)
FNDA:0,(anonymous_8)
FNDA:0,(anonymous_9)
FNDA:0,(anonymous_10)
FNDA:0,(anonymous_11)
FNDA:0,(anonymous_12)
FNDA:0,(anonymous_13)
FNDA:0,(anonymous_14)
FNDA:0,(anonymous_15)
FNDA:0,(anonymous_16)
FNDA:0,(anonymous_17)
FNDA:0,(anonymous_18)
FNDA:0,(anonymous_19)
FNDA:0,(anonymous_20)
FNDA:0,(anonymous_21)
FNDA:0,(anonymous_22)
FNDA:0,(anonymous_23)
FNDA:0,(anonymous_24)
FNDA:0,(anonymous_25)
FNDA:0,(anonymous_26)
FNDA:0,(anonymous_27)
FNDA:0,(anonymous_28)
FNDA:0,(anonymous_29)
FNDA:0,(anonymous_30)
FNDA:0,(anonymous_31)
FNDA:0,(anonymous_32)
FNDA:0,(anonymous_33)
FNDA:0,(anonymous_34)
FNDA:0,(anonymous_35)
FNDA:1,(anonymous_36)
FNDA:1,(anonymous_37)
FNDA:1,(anonymous_38)
FNDA:0,(anonymous_39)
FNDA:0,(anonymous_40)
DA:32,1
DA:37,1
DA:38,1
DA:39,1
DA:41,1
DA:43,1
DA:44,1
DA:45,1
DA:46,1
DA:48,1
DA:50,1
DA:51,0
DA:52,0
DA:54,0
DA:61,1
DA:62,0
DA:63,0
DA:65,0
DA:66,0
DA:70,1
DA:71,0
DA:73,0
DA:75,0
DA:77,0
DA:78,0
DA:79,0
DA:80,0
DA:83,0
DA:84,0
DA:88,1
DA:89,0
DA:91,0
DA:94,0
DA:95,0
DA:96,0
DA:99,0
DA:103,1
DA:104,0
DA:106,0
DA:107,0
DA:110,0
DA:111,0
DA:115,1
DA:116,0
DA:118,0
DA:119,0
DA:122,0
DA:123,0
DA:127,1
DA:128,0
DA:130,0
DA:131,0
DA:134,0
DA:135,0
DA:138,0
DA:142,1
DA:143,0
DA:145,0
DA:149,0
DA:150,0
DA:151,0
DA:154,0
DA:158,1
DA:159,0
DA:161,0
DA:162,0
DA:163,0
DA:166,0
DA:167,0
DA:171,1
DA:172,0
DA:174,0
DA:175,0
DA:176,0
DA:177,0
DA:178,0
DA:181,0
DA:182,0
DA:186,1
DA:187,0
DA:188,0
DA:190,0
DA:192,0
DA:193,0
DA:196,0
DA:199,0
DA:201,0
DA:210,0
DA:216,0
DA:220,1
DA:221,0
DA:223,0
DA:224,0
DA:225,0
DA:226,0
DA:229,0
DA:230,0
DA:234,1
DA:236,1
DA:237,1
DA:239,0
DA:241,0
DA:243,0
DA:245,0
DA:247,0
DA:249,1
DA:253,1
DA:254,1
DA:255,1
DA:257,0
DA:258,0
DA:259,0
DA:262,0
DA:263,0
DA:267,1
DA:270,1
DA:292,1
DA:307,1
LF:118
LH:33
BRDA:52,0,0,0
BRDA:52,0,1,0
BRDA:106,1,0,0
BRDA:106,1,1,0
BRDA:110,2,0,0
BRDA:110,2,1,0
BRDA:118,3,0,0
BRDA:118,3,1,0
BRDA:122,4,0,0
BRDA:122,4,1,0
BRDA:135,5,0,0
BRDA:135,5,1,0
BRDA:150,6,0,0
BRDA:150,6,1,0
BRDA:190,7,0,0
BRDA:190,7,1,0
BRDA:190,7,2,0
BRDA:190,7,3,0
BRDA:190,7,4,0
BRDA:204,8,0,0
BRDA:204,8,1,0
BRDA:211,9,0,0
BRDA:211,9,1,0
BRDA:230,10,0,0
BRDA:230,10,1,0
BRDA:237,11,0,0
BRDA:237,11,1,0
BRDA:237,11,2,0
BRDA:237,11,3,0
BRDA:237,11,4,0
BRDA:237,11,5,1
BRF:31
BRH:1
end_of_record
TN:
SF:src/js/utils/contextUtils.js
FNF:0
FNH:0
DA:3,3
DA:5,3
LF:2
LH:2
BRF:0
BRH:0
end_of_record
TN:
SF:src/test/utils.js
FN:1,(anonymous_0)
FN:6,(anonymous_1)
FN:23,(anonymous_2)
FNF:3
FNH:0
FNDA:0,(anonymous_0)
FNDA:0,(anonymous_1)
FNDA:0,(anonymous_2)
DA:1,2
DA:2,0
DA:3,0
DA:6,2
DA:7,0
DA:9,0
DA:16,2
DA:23,2
LF:8
LH:4
BRF:0
BRH:0
end_of_record
