TN:
SF:src/js/components/auth/Settings.js
FN:7,(anonymous_0)
FN:16,(anonymous_1)
FN:22,(anonymous_2)
FN:34,(anonymous_3)
FN:42,(anonymous_4)
FN:52,(anonymous_5)
FN:60,(anonymous_6)
FN:65,(anonymous_7)
FNF:8
FNH:8
FNDA:6,(anonymous_0)
FNDA:4,(anonymous_1)
FNDA:1,(anonymous_2)
FNDA:1,(anonymous_3)
FNDA:1,(anonymous_4)
FNDA:1,(anonymous_5)
FNDA:1,(anonymous_6)
FNDA:1,(anonymous_7)
DA:7,2
DA:12,6
DA:14,6
DA:16,6
DA:17,4
DA:20,6
DA:22,1
DA:34,1
DA:42,1
DA:52,1
DA:60,1
DA:65,1
LF:12
LH:12
BRF:0
BRH:0
end_of_record
TN:
SF:src/js/components/navigation/NavigationBar.js
FN:13,(anonymous_0)
FN:25,(anonymous_1)
FN:39,(anonymous_2)
FN:39,(anonymous_3)
FN:42,(anonymous_4)
FN:54,(anonymous_5)
FN:56,(anonymous_6)
FN:65,(anonymous_7)
FN:66,(anonymous_8)
FN:87,(anonymous_9)
FN:89,(anonymous_10)
FN:99,(anonymous_11)
FN:100,(anonymous_12)
FN:105,(anonymous_13)
FN:106,(anonymous_14)
FN:116,(anonymous_15)
FN:117,(anonymous_16)
FN:123,(anonymous_17)
FN:124,(anonymous_18)
FN:146,(anonymous_19)
FNF:20
FNH:1
FNDA:1,(anonymous_0)
FNDA:0,(anonymous_1)
FNDA:0,(anonymous_2)
FNDA:0,(anonymous_3)
FNDA:0,(anonymous_4)
FNDA:0,(anonymous_5)
FNDA:0,(anonymous_6)
FNDA:0,(anonymous_7)
FNDA:0,(anonymous_8)
FNDA:0,(anonymous_9)
FNDA:0,(anonymous_10)
FNDA:0,(anonymous_11)
FNDA:0,(anonymous_12)
FNDA:0,(anonymous_13)
FNDA:0,(anonymous_14)
FNDA:0,(anonymous_15)
FNDA:0,(anonymous_16)
FNDA:0,(anonymous_17)
FNDA:0,(anonymous_18)
FNDA:0,(anonymous_19)
DA:13,1
DA:14,1
DA:15,1
DA:23,1
DA:25,1
DA:26,0
DA:27,0
DA:28,0
DA:31,1
DA:39,0
DA:43,0
DA:55,0
DA:56,0
DA:66,0
DA:68,0
DA:70,0
DA:74,0
DA:76,0
DA:88,0
DA:89,0
DA:100,0
DA:106,0
DA:117,0
DA:124,0
DA:145,1
DA:149,1
LF:26
LH:8
BRDA:27,0,0,0
BRDA:27,0,1,0
BRDA:34,1,0,0
BRDA:34,1,1,1
BRDA:41,2,0,0
BRDA:41,2,1,0
BRDA:46,3,0,0
BRDA:46,3,1,0
BRDA:76,4,0,0
BRDA:76,4,1,0
BRF:10
BRH:1
end_of_record
TN:
SF:src/js/utils/contextUtils.js
FNF:0
FNH:0
DA:3,2
DA:5,2
LF:2
LH:2
BRF:0
BRH:0
end_of_record
